\BOOKMARK [1][-]{section.1}{Introduction}{}% 1
\BOOKMARK [1][-]{section.2}{Challenges\040of\040Heterogeneous\040Wirelss\040Networks}{}% 2
\BOOKMARK [2][-]{subsection.2.1}{Mobility\040of\040Network\040Node}{section.2}% 3
\BOOKMARK [2][-]{subsection.2.2}{Network\040Architecture}{section.2}% 4
\BOOKMARK [3][-]{subsubsection.2.2.1}{Heterogeneity\040of\040Network\040Topology}{subsection.2.2}% 5
\BOOKMARK [3][-]{subsubsection.2.2.2}{Time-variability\040and\040Uncertainty\040of\040Network\040Topology}{subsection.2.2}% 6
\BOOKMARK [2][-]{subsection.2.3}{Communication\040Channel}{section.2}% 7
\BOOKMARK [3][-]{subsubsection.2.3.1}{Limited\040Bandwidth\040of\040Transmission\040Link}{subsection.2.3}% 8
\BOOKMARK [3][-]{subsubsection.2.3.2}{Strong\040Wireless\040Channel\040Inference}{subsection.2.3}% 9
\BOOKMARK [2][-]{subsection.2.4}{Diversity\040of\040Network\040Service}{section.2}% 10
\BOOKMARK [1][-]{section.3}{Overview\040of\040Biological\040Neural\040Networks}{}% 11
\BOOKMARK [2][-]{subsection.3.1}{General\040Characteristics\040of\040Neurons}{section.3}% 12
\BOOKMARK [3][-]{subsubsection.3.1.1}{Structure\040Characteristics\040of\040Neurons}{subsection.3.1}% 13
\BOOKMARK [3][-]{subsubsection.3.1.2}{Overview\040of\040Neurites}{subsection.3.1}% 14
\BOOKMARK [3][-]{subsubsection.3.1.3}{Information\040Processing\040in\040Neurons}{subsection.3.1}% 15
\BOOKMARK [2][-]{subsection.3.2}{Overall\040Characteristics\040of\040Neural\040Networks}{section.3}% 16
\BOOKMARK [3][-]{subsubsection.3.2.1}{Information\040Transmission\040between\040Neurons}{subsection.3.2}% 17
\BOOKMARK [3][-]{subsubsection.3.2.2}{A\040Scale-free\040Network\040Structure\040Subjected\040to\040Power-law\040Distribution}{subsection.3.2}% 18
\BOOKMARK [3][-]{subsubsection.3.2.3}{Hierarchical\040and\040Heterogeneous\040Network\040Architecture}{subsection.3.2}% 19
\BOOKMARK [1][-]{section.4}{The\040Analogy\040between\040HWN\040Networks\040and\040Neural\040Networks}{}% 20
\BOOKMARK [2][-]{subsection.4.1}{Analogy\040of\040Node\040Model}{section.4}% 21
\BOOKMARK [3][-]{subsubsection.4.1.1}{Analog\040of\040of\040Information\040Transmission\040and\040Reception}{subsection.4.1}% 22
\BOOKMARK [2][-]{subsection.4.2}{Analogy\040of\040Network\040Architecture}{section.4}% 23
\BOOKMARK [3][-]{subsubsection.4.2.1}{Scale-Free\040Network}{subsection.4.2}% 24
\BOOKMARK [3][-]{subsubsection.4.2.2}{Analog\040of\040Service\040and\040Control\040Channels}{subsection.4.2}% 25
\BOOKMARK [3][-]{subsubsection.4.2.3}{Distributed\040and\040Centerless\040Network\040Framework}{subsection.4.2}% 26
\BOOKMARK [3][-]{subsubsection.4.2.4}{Hierarchy\040and\040Heterogeneity\040of\040Network}{subsection.4.2}% 27
\BOOKMARK [3][-]{subsubsection.4.2.5}{Adaptability\040of\040Network\040Structure}{subsection.4.2}% 28
\BOOKMARK [2][-]{subsection.4.3}{Analogy\040of\040Transmission\040Protocol}{section.4}% 29
\BOOKMARK [3][-]{subsubsection.4.3.1}{Transmission\040Synergy\040in\040Physical\040Layer}{subsection.4.3}% 30
\BOOKMARK [3][-]{subsubsection.4.3.2}{Coding\040Synergy\040in\040Network\040Layer}{subsection.4.3}% 31
\BOOKMARK [3][-]{subsubsection.4.3.3}{Content\040Synergy\040in\040Application\040Layer}{subsection.4.3}% 32
\BOOKMARK [1][-]{section.5}{The\040Integral\040Design\040and\040Goals\040of\040Neuron\040Analogy\040Mobile\040Ad\040Hoc\040Network}{}% 33
\BOOKMARK [2][-]{subsection.5.1}{Design\040of\040NANET\040Node}{section.5}% 34
\BOOKMARK [3][-]{subsubsection.5.1.1}{Design\040of\040NANET\040Node\040Structure}{subsection.5.1}% 35
\BOOKMARK [3][-]{subsubsection.5.1.2}{Design\040of\040Information\040Transmission\040and\040Reception\040Mechanism}{subsection.5.1}% 36
\BOOKMARK [3][-]{subsubsection.5.1.3}{Design\040of\040Information\040Fushion\040and\040Processing}{subsection.5.1}% 37
\BOOKMARK [2][-]{subsection.5.2}{Design\040of\040General\040NANET\040Architecture}{section.5}% 38
\BOOKMARK [3][-]{subsubsection.5.2.1}{Scale-Free\040Network}{subsection.5.2}% 39
\BOOKMARK [3][-]{subsubsection.5.2.2}{Seperation\040of\040Service\040and\040Control\040Channels}{subsection.5.2}% 40
\BOOKMARK [3][-]{subsubsection.5.2.3}{Distributed\040and\040Centerless\040Network\040Framework}{subsection.5.2}% 41
\BOOKMARK [3][-]{subsubsection.5.2.4}{Hierarchy\040and\040Heterogeneity\040of\040Network}{subsection.5.2}% 42
\BOOKMARK [3][-]{subsubsection.5.2.5}{Adaptability\040of\040Network\040Structure}{subsection.5.2}% 43
\BOOKMARK [2][-]{subsection.5.3}{Design\040Goals\040and\040Techniques\040for\040NANET}{section.5}% 44
\BOOKMARK [3][-]{subsubsection.5.3.1}{Task-oriented\040Active\040Construction\040of\040Network\040Topology}{subsection.5.3}% 45
\BOOKMARK [3][-]{subsubsection.5.3.2}{Service-Oriented\040Dynamic\040Resource\040Scheduling}{subsection.5.3}% 46
\BOOKMARK [3][-]{subsubsection.5.3.3}{Content-Oriented\040Distributed\040Collaborative\040Transmission}{subsection.5.3}% 47
\BOOKMARK [1][-]{section.6}{Conclusions\040and\040Visions\040Future}{}% 48
\BOOKMARK [1][-]{section*.2}{References}{}% 49
